<?xml version="1.0" encoding="UTF-8"?>
<!-- Generated by org.testng.reporters.JUnitReportReporter -->
<testsuite skipped="0" hostname="DESKTOP-0FM1T26" name="com.actitime.test.CreateCustomer" tests="1" failures="0" timestamp="2020-01-12T07:31:21 IST" time="4.011" errors="0">
  <testcase name="testCreateCustomer" time="4.011" classname="com.actitime.test.CreateCustomer"/>
</testsuite> <!-- com.actitime.test.CreateCustomer -->
